<?xml version="1.0" encoding="UTF-8"?>
<testsuite xmlns:xsi="http://www.w3.org/2001/XMLSchema-instance" xsi:noNamespaceSchemaLocation="https://maven.apache.org/surefire/maven-surefire-plugin/xsd/surefire-test-report.xsd" version="3.0.2" name="com.example.volunteersystem.UserServiceIntegrationTest" time="6.368" tests="1" errors="0" skipped="0" failures="0">
  <properties>
[...]
</properties>
  <testcase name="testChangePasswordAfterUpdate" classname="com.example.volunteersystem.UserServiceIntegrationTest" time="0.542">
    <system-out><![CDATA[00:08:54.613 [main] INFO org.springframework.test.context.support.AnnotationConfigContextLoaderUtils -- Could not detect default configuration classes for test class [com.example.volunteersystem.UserServiceIntegrationTest]: UserServiceIntegrationTest does not declare any static, non-private, non-final, nested classes annotated with @Configuration.
00:08:54.768 [main] INFO org.springframework.boot.test.context.SpringBootTestContextBootstrapper -- Found @SpringBootConfiguration com.example.volunteersystem.VolunteerServerApplication for test class com.example.volunteersystem.UserServiceIntegrationTest

  .   ____          _            __ _ _
 /\\ / ___'_ __ _ _(_)_ __  __ _ \ \ \ \
( ( )\___ | '_ | '_| | '_ \/ _` | \ \ \ \
 \\/  ___)| |_)| | | | | || (_| |  ) ) ) )
  '  |____| .__|_| |_|_| |_\__, | / / / /
 =========|_|==============|___/=/_/_/_/

 :: Spring Boot ::                (v3.5.8)

2025-12-10T00:08:55.316+03:00  INFO 12700 --- [volunteer-server] [           main] c.e.v.UserServiceIntegrationTest         : Starting UserServiceIntegrationTest using Java 21.0.9 with PID 12700 (started by anzor in C:\Users\anzor\OneDrive\Desktop\╨║╤Г╤А╤Б╨░╤З\VS\volunteer-server)
2025-12-10T00:08:55.318+03:00  INFO 12700 --- [volunteer-server] [           main] c.e.v.UserServiceIntegrationTest         : No active profile set, falling back to 1 default profile: "default"
2025-12-10T00:08:56.203+03:00  INFO 12700 --- [volunteer-server] [           main] .s.d.r.c.RepositoryConfigurationDelegate : Bootstrapping Spring Data JPA repositories in DEFAULT mode.
2025-12-10T00:08:56.289+03:00  INFO 12700 --- [volunteer-server] [           main] .s.d.r.c.RepositoryConfigurationDelegate : Finished Spring Data repository scanning in 67 ms. Found 3 JPA repository interfaces.
2025-12-10T00:08:56.923+03:00  INFO 12700 --- [volunteer-server] [           main] o.hibernate.jpa.internal.util.LogHelper  : HHH000204: Processing PersistenceUnitInfo [name: default]
2025-12-10T00:08:56.992+03:00  INFO 12700 --- [volunteer-server] [           main] org.hibernate.Version                    : HHH000412: Hibernate ORM core version 6.6.36.Final
2025-12-10T00:08:57.037+03:00  INFO 12700 --- [volunteer-server] [           main] o.h.c.internal.RegionFactoryInitiator    : HHH000026: Second-level cache disabled
2025-12-10T00:08:57.189+03:00  INFO 12700 --- [volunteer-server] [           main] o.s.o.j.p.SpringPersistenceUnitInfo      : No LoadTimeWeaver setup: ignoring JPA class transformer
2025-12-10T00:08:57.223+03:00  INFO 12700 --- [volunteer-server] [           main] com.zaxxer.hikari.HikariDataSource       : HikariPool-1 - Starting...
2025-12-10T00:08:57.553+03:00  INFO 12700 --- [volunteer-server] [           main] com.zaxxer.hikari.pool.HikariPool        : HikariPool-1 - Added connection org.postgresql.jdbc.PgConnection@19d9ba89
2025-12-10T00:08:57.554+03:00  INFO 12700 --- [volunteer-server] [           main] com.zaxxer.hikari.HikariDataSource       : HikariPool-1 - Start completed.
2025-12-10T00:08:57.604+03:00  WARN 12700 --- [volunteer-server] [           main] org.hibernate.orm.deprecation            : HHH90000025: PostgreSQLDialect does not need to be specified explicitly using 'hibernate.dialect' (remove the property setting and it will be selected by default)
2025-12-10T00:08:57.630+03:00  INFO 12700 --- [volunteer-server] [           main] org.hibernate.orm.connections.pooling    : HHH10001005: Database info:
	Database JDBC URL [Connecting through datasource 'HikariDataSource (HikariPool-1)']
	Database driver: undefined/unknown
	Database version: 17.0
	Autocommit mode: undefined/unknown
	Isolation level: undefined/unknown
	Minimum pool size: undefined/unknown
	Maximum pool size: undefined/unknown
2025-12-10T00:08:58.523+03:00  INFO 12700 --- [volunteer-server] [           main] o.h.e.t.j.p.i.JtaPlatformInitiator       : HHH000489: No JTA platform available (set 'hibernate.transaction.jta.platform' to enable JTA platform integration)
2025-12-10T00:08:58.620+03:00  INFO 12700 --- [volunteer-server] [           main] j.LocalContainerEntityManagerFactoryBean : Initialized JPA EntityManagerFactory for persistence unit 'default'
2025-12-10T00:08:59.069+03:00  INFO 12700 --- [volunteer-server] [           main] r$InitializeUserDetailsManagerConfigurer : Global AuthenticationManager configured with UserDetailsService bean with name customUserDetailsService
2025-12-10T00:08:59.215+03:00  WARN 12700 --- [volunteer-server] [           main] JpaBaseConfiguration$JpaWebConfiguration : spring.jpa.open-in-view is enabled by default. Therefore, database queries may be performed during view rendering. Explicitly configure spring.jpa.open-in-view to disable this warning
2025-12-10T00:09:00.009+03:00  INFO 12700 --- [volunteer-server] [           main] c.e.v.UserServiceIntegrationTest         : Started UserServiceIntegrationTest in 5.036 seconds (process running for 7.641)
Hibernate: select u1_0.id,u1_0.active,u1_0.avatar_url,u1_0.bio,u1_0.email,u1_0.name,u1_0.password_hash,u1_0.phone_number,u1_0.registration_date,u1_0.role from users u1_0 where u1_0.email=?
Hibernate: select u1_0.id,u1_0.active,u1_0.avatar_url,u1_0.bio,u1_0.email,u1_0.name,u1_0.password_hash,u1_0.phone_number,u1_0.registration_date,u1_0.role from users u1_0 where u1_0.email=?
Hibernate: select u1_0.id from users u1_0 where u1_0.email=? fetch first ? rows only
Hibernate: insert into users (active,avatar_url,bio,email,name,password_hash,phone_number,registration_date,role) values (?,?,?,?,?,?,?,?,?)
Test User Created: 8
User Updated. Hash: $2a$10$2IpGD8wjt9m8WrjBlz6HZuRplatVb6zQZclNZGl/936eDJmbTM8Ti
2025-12-10T00:09:00.524+03:00  INFO 12700 --- [volunteer-server] [           main] c.e.volunteersystem.service.UserService  : Attempting to change password for user: integration_test_1765314540334@example.com
2025-12-10T00:09:00.593+03:00  INFO 12700 --- [volunteer-server] [           main] c.e.volunteersystem.service.UserService  : Password match result: true
2025-12-10T00:09:00.658+03:00  INFO 12700 --- [volunteer-server] [           main] c.e.volunteersystem.service.UserService  : Password successfully changed for user: integration_test_1765314540334@example.com
]]></system-out>
  </testcase>
</testsuite>